{"C:\\Users\\M1064317\\Desktop\\BMS ReducerWithServer\\bms-app\\src\\App.tsx": {"path":"C:\\Users\\M1064317\\Desktop\\BMS ReducerWithServer\\bms-app\\src\\App.tsx","statementMap":{"0":{"start":{"line":16,"column":2},"end":{"line":24,"column":4}}},"fnMap":{"0":{"name":"App","decl":{"start":{"line":15,"column":9},"end":{"line":15,"column":12}},"loc":{"start":{"line":15,"column":15},"end":{"line":25,"column":1}},"line":15}},"branchMap":{},"s":{"0":2},"f":{"0":2},"b":{},"_coverageSchema":"1a1c01bbd47fc00a2c39e90264f33305004495a9","hash":"516439da1001a624a2792149f9dfb0244954b4ff"}
,"C:\\Users\\M1064317\\Desktop\\BMS ReducerWithServer\\bms-app\\src\\BookManager.tsx": {"path":"C:\\Users\\M1064317\\Desktop\\BMS ReducerWithServer\\bms-app\\src\\BookManager.tsx","statementMap":{"0":{"start":{"line":6,"column":8},"end":{"line":12,"column":14}},"1":{"start":{"line":8,"column":16},"end":{"line":8,"column":63}},"2":{"start":{"line":11,"column":16},"end":{"line":11,"column":40}},"3":{"start":{"line":14,"column":15},"end":{"line":27,"column":5}},"4":{"start":{"line":15,"column":20},"end":{"line":20,"column":10}},"5":{"start":{"line":21,"column":8},"end":{"line":26,"column":9}},"6":{"start":{"line":22,"column":12},"end":{"line":22,"column":30}},"7":{"start":{"line":23,"column":12},"end":{"line":23,"column":58}},"8":{"start":{"line":25,"column":12},"end":{"line":25,"column":31}},"9":{"start":{"line":28,"column":17},"end":{"line":41,"column":5}},"10":{"start":{"line":29,"column":20},"end":{"line":29,"column":61}},"11":{"start":{"line":30,"column":20},"end":{"line":35,"column":10}},"12":{"start":{"line":36,"column":8},"end":{"line":40,"column":9}},"13":{"start":{"line":37,"column":12},"end":{"line":37,"column":61}},"14":{"start":{"line":39,"column":12},"end":{"line":39,"column":31}}},"fnMap":{"0":{"name":"(anonymous_0)","decl":{"start":{"line":5,"column":4},"end":{"line":5,"column":5}},"loc":{"start":{"line":5,"column":31},"end":{"line":13,"column":5}},"line":5},"1":{"name":"(anonymous_1)","decl":{"start":{"line":7,"column":18},"end":{"line":7,"column":19}},"loc":{"start":{"line":7,"column":27},"end":{"line":9,"column":13}},"line":7},"2":{"name":"(anonymous_2)","decl":{"start":{"line":10,"column":19},"end":{"line":10,"column":20}},"loc":{"start":{"line":10,"column":28},"end":{"line":12,"column":13}},"line":10},"3":{"name":"(anonymous_3)","decl":{"start":{"line":14,"column":15},"end":{"line":14,"column":16}},"loc":{"start":{"line":14,"column":63},"end":{"line":27,"column":5}},"line":14},"4":{"name":"(anonymous_4)","decl":{"start":{"line":28,"column":17},"end":{"line":28,"column":18}},"loc":{"start":{"line":28,"column":51},"end":{"line":41,"column":5}},"line":28}},"branchMap":{"0":{"loc":{"start":{"line":21,"column":8},"end":{"line":26,"column":9}},"type":"if","locations":[{"start":{"line":21,"column":8},"end":{"line":26,"column":9}},{"start":{"line":21,"column":8},"end":{"line":26,"column":9}}],"line":21},"1":{"loc":{"start":{"line":36,"column":8},"end":{"line":40,"column":9}},"type":"if","locations":[{"start":{"line":36,"column":8},"end":{"line":40,"column":9}},{"start":{"line":36,"column":8},"end":{"line":40,"column":9}}],"line":36}},"s":{"0":1,"1":0,"2":0,"3":2,"4":0,"5":0,"6":0,"7":0,"8":0,"9":2,"10":0,"11":0,"12":0,"13":0,"14":0},"f":{"0":1,"1":0,"2":0,"3":0,"4":0},"b":{"0":[0,0],"1":[0,0]},"_coverageSchema":"1a1c01bbd47fc00a2c39e90264f33305004495a9","hash":"e6f502f38fed826d85ab2b621f36a620648dd6ec"}
,"C:\\Users\\M1064317\\Desktop\\BMS ReducerWithServer\\bms-app\\src\\index.tsx": {"path":"C:\\Users\\M1064317\\Desktop\\BMS ReducerWithServer\\bms-app\\src\\index.tsx","statementMap":{"0":{"start":{"line":7,"column":0},"end":{"line":12,"column":2}},"1":{"start":{"line":17,"column":0},"end":{"line":17,"column":18}}},"fnMap":{},"branchMap":{},"s":{"0":0,"1":0},"f":{},"b":{}}
,"C:\\Users\\M1064317\\Desktop\\BMS ReducerWithServer\\bms-app\\src\\reportWebVitals.ts": {"path":"C:\\Users\\M1064317\\Desktop\\BMS ReducerWithServer\\bms-app\\src\\reportWebVitals.ts","statementMap":{"0":{"start":{"line":3,"column":24},"end":{"line":13,"column":1}},"1":{"start":{"line":4,"column":2},"end":{"line":12,"column":3}},"2":{"start":{"line":5,"column":4},"end":{"line":11,"column":7}},"3":{"start":{"line":6,"column":6},"end":{"line":6,"column":26}},"4":{"start":{"line":7,"column":6},"end":{"line":7,"column":26}},"5":{"start":{"line":8,"column":6},"end":{"line":8,"column":26}},"6":{"start":{"line":9,"column":6},"end":{"line":9,"column":26}},"7":{"start":{"line":10,"column":6},"end":{"line":10,"column":27}}},"fnMap":{"0":{"name":"(anonymous_0)","decl":{"start":{"line":3,"column":24},"end":{"line":3,"column":25}},"loc":{"start":{"line":3,"column":57},"end":{"line":13,"column":1}},"line":3},"1":{"name":"(anonymous_1)","decl":{"start":{"line":5,"column":30},"end":{"line":5,"column":31}},"loc":{"start":{"line":5,"column":79},"end":{"line":11,"column":5}},"line":5}},"branchMap":{"0":{"loc":{"start":{"line":4,"column":2},"end":{"line":12,"column":3}},"type":"if","locations":[{"start":{"line":4,"column":2},"end":{"line":12,"column":3}},{"start":{"line":4,"column":2},"end":{"line":12,"column":3}}],"line":4},"1":{"loc":{"start":{"line":4,"column":6},"end":{"line":4,"column":52}},"type":"binary-expr","locations":[{"start":{"line":4,"column":6},"end":{"line":4,"column":17}},{"start":{"line":4,"column":21},"end":{"line":4,"column":52}}],"line":4}},"s":{"0":0,"1":0,"2":0,"3":0,"4":0,"5":0,"6":0,"7":0},"f":{"0":0,"1":0},"b":{"0":[0,0],"1":[0,0]}}
,"C:\\Users\\M1064317\\Desktop\\BMS ReducerWithServer\\bms-app\\src\\Components\\AddBook.tsx": {"path":"C:\\Users\\M1064317\\Desktop\\BMS ReducerWithServer\\bms-app\\src\\Components\\AddBook.tsx","statementMap":{"0":{"start":{"line":12,"column":18},"end":{"line":12,"column":33}},"1":{"start":{"line":17,"column":16},"end":{"line":118,"column":1}},"2":{"start":{"line":18,"column":25},"end":{"line":18,"column":48}},"3":{"start":{"line":19,"column":20},"end":{"line":19,"column":32}},"4":{"start":{"line":20,"column":25},"end":{"line":20,"column":37}},"5":{"start":{"line":21,"column":30},"end":{"line":21,"column":42}},"6":{"start":{"line":22,"column":30},"end":{"line":22,"column":42}},"7":{"start":{"line":23,"column":32},"end":{"line":23,"column":44}},"8":{"start":{"line":24,"column":32},"end":{"line":24,"column":43}},"9":{"start":{"line":25,"column":30},"end":{"line":25,"column":41}},"10":{"start":{"line":26,"column":35},"end":{"line":26,"column":47}},"11":{"start":{"line":35,"column":8},"end":{"line":35,"column":33}},"12":{"start":{"line":38,"column":8},"end":{"line":38,"column":33}},"13":{"start":{"line":41,"column":8},"end":{"line":41,"column":34}},"14":{"start":{"line":44,"column":8},"end":{"line":44,"column":34}},"15":{"start":{"line":47,"column":8},"end":{"line":47,"column":33}},"16":{"start":{"line":50,"column":8},"end":{"line":50,"column":32}},"17":{"start":{"line":52,"column":28},"end":{"line":64,"column":5}},"18":{"start":{"line":53,"column":21},"end":{"line":61,"column":9}},"19":{"start":{"line":62,"column":20},"end":{"line":62,"column":61}},"20":{"start":{"line":63,"column":8},"end":{"line":63,"column":51}},"21":{"start":{"line":69,"column":4},"end":{"line":117,"column":5}},"22":{"start":{"line":107,"column":92},"end":{"line":107,"column":110}},"23":{"start":{"line":107,"column":111},"end":{"line":107,"column":128}}},"fnMap":{"0":{"name":"(anonymous_0)","decl":{"start":{"line":17,"column":16},"end":{"line":17,"column":17}},"loc":{"start":{"line":17,"column":32},"end":{"line":118,"column":1}},"line":17},"1":{"name":"inputCover","decl":{"start":{"line":34,"column":13},"end":{"line":34,"column":23}},"loc":{"start":{"line":34,"column":32},"end":{"line":36,"column":5}},"line":34},"2":{"name":"inputtitle","decl":{"start":{"line":37,"column":13},"end":{"line":37,"column":23}},"loc":{"start":{"line":37,"column":32},"end":{"line":39,"column":5}},"line":37},"3":{"name":"inputauthor","decl":{"start":{"line":40,"column":13},"end":{"line":40,"column":24}},"loc":{"start":{"line":40,"column":33},"end":{"line":42,"column":5}},"line":40},"4":{"name":"inputrating","decl":{"start":{"line":43,"column":13},"end":{"line":43,"column":24}},"loc":{"start":{"line":43,"column":33},"end":{"line":45,"column":5}},"line":43},"5":{"name":"inputPrice","decl":{"start":{"line":46,"column":13},"end":{"line":46,"column":23}},"loc":{"start":{"line":46,"column":32},"end":{"line":48,"column":5}},"line":46},"6":{"name":"inputdescription","decl":{"start":{"line":49,"column":13},"end":{"line":49,"column":29}},"loc":{"start":{"line":49,"column":38},"end":{"line":51,"column":5}},"line":49},"7":{"name":"(anonymous_7)","decl":{"start":{"line":52,"column":28},"end":{"line":52,"column":29}},"loc":{"start":{"line":52,"column":34},"end":{"line":64,"column":5}},"line":52},"8":{"name":"(anonymous_8)","decl":{"start":{"line":107,"column":84},"end":{"line":107,"column":85}},"loc":{"start":{"line":107,"column":90},"end":{"line":107,"column":130}},"line":107}},"branchMap":{},"s":{"0":1,"1":1,"2":0,"3":0,"4":0,"5":0,"6":0,"7":0,"8":0,"9":0,"10":0,"11":0,"12":0,"13":0,"14":0,"15":0,"16":0,"17":0,"18":0,"19":0,"20":0,"21":0,"22":0,"23":0},"f":{"0":0,"1":0,"2":0,"3":0,"4":0,"5":0,"6":0,"7":0,"8":0},"b":{},"_coverageSchema":"1a1c01bbd47fc00a2c39e90264f33305004495a9","hash":"1a50b2fc415c2a4afafd0549a0d8288a4fda133d"}
,"C:\\Users\\M1064317\\Desktop\\BMS ReducerWithServer\\bms-app\\src\\Components\\BookApp.tsx": {"path":"C:\\Users\\M1064317\\Desktop\\BMS ReducerWithServer\\bms-app\\src\\Components\\BookApp.tsx","statementMap":{"0":{"start":{"line":22,"column":16},"end":{"line":126,"column":1}},"1":{"start":{"line":23,"column":29},"end":{"line":23,"column":49}},"2":{"start":{"line":25,"column":32},"end":{"line":25,"column":56}},"3":{"start":{"line":26,"column":44},"end":{"line":26,"column":59}},"4":{"start":{"line":27,"column":42},"end":{"line":27,"column":62}},"5":{"start":{"line":28,"column":43},"end":{"line":28,"column":55}},"6":{"start":{"line":29,"column":38},"end":{"line":29,"column":53}},"7":{"start":{"line":31,"column":26},"end":{"line":35,"column":5}},"8":{"start":{"line":32,"column":8},"end":{"line":32,"column":74}},"9":{"start":{"line":33,"column":8},"end":{"line":33,"column":30}},"10":{"start":{"line":34,"column":8},"end":{"line":34,"column":24}},"11":{"start":{"line":36,"column":4},"end":{"line":42,"column":31}},"12":{"start":{"line":38,"column":8},"end":{"line":40,"column":9}},"13":{"start":{"line":39,"column":12},"end":{"line":39,"column":31}},"14":{"start":{"line":44,"column":27},"end":{"line":61,"column":5}},"15":{"start":{"line":45,"column":19},"end":{"line":49,"column":10}},"16":{"start":{"line":50,"column":20},"end":{"line":50,"column":37}},"17":{"start":{"line":51,"column":8},"end":{"line":51,"column":27}},"18":{"start":{"line":52,"column":8},"end":{"line":60,"column":9}},"19":{"start":{"line":53,"column":12},"end":{"line":53,"column":32}},"20":{"start":{"line":54,"column":12},"end":{"line":54,"column":36}},"21":{"start":{"line":56,"column":12},"end":{"line":56,"column":48}},"22":{"start":{"line":57,"column":12},"end":{"line":57,"column":31}},"23":{"start":{"line":58,"column":12},"end":{"line":58,"column":28}},"24":{"start":{"line":59,"column":12},"end":{"line":59,"column":38}},"25":{"start":{"line":62,"column":26},"end":{"line":64,"column":5}},"26":{"start":{"line":63,"column":8},"end":{"line":63,"column":24}},"27":{"start":{"line":65,"column":4},"end":{"line":67,"column":16}},"28":{"start":{"line":66,"column":8},"end":{"line":66,"column":25}},"29":{"start":{"line":68,"column":4},"end":{"line":70,"column":22}},"30":{"start":{"line":69,"column":8},"end":{"line":69,"column":31}},"31":{"start":{"line":72,"column":19},"end":{"line":76,"column":5}},"32":{"start":{"line":73,"column":8},"end":{"line":73,"column":28}},"33":{"start":{"line":74,"column":8},"end":{"line":74,"column":38}},"34":{"start":{"line":75,"column":8},"end":{"line":75,"column":29}},"35":{"start":{"line":77,"column":4},"end":{"line":125,"column":5}},"36":{"start":{"line":92,"column":87},"end":{"line":92,"column":95}},"37":{"start":{"line":103,"column":66},"end":{"line":103,"column":81}},"38":{"start":{"line":107,"column":103},"end":{"line":107,"column":125}},"39":{"start":{"line":110,"column":111},"end":{"line":110,"column":139}}},"fnMap":{"0":{"name":"(anonymous_0)","decl":{"start":{"line":22,"column":16},"end":{"line":22,"column":17}},"loc":{"start":{"line":22,"column":22},"end":{"line":126,"column":1}},"line":22},"1":{"name":"(anonymous_1)","decl":{"start":{"line":31,"column":26},"end":{"line":31,"column":27}},"loc":{"start":{"line":31,"column":51},"end":{"line":35,"column":5}},"line":31},"2":{"name":"(anonymous_2)","decl":{"start":{"line":36,"column":14},"end":{"line":36,"column":15}},"loc":{"start":{"line":36,"column":20},"end":{"line":42,"column":5}},"line":36},"3":{"name":"(anonymous_3)","decl":{"start":{"line":44,"column":27},"end":{"line":44,"column":28}},"loc":{"start":{"line":44,"column":56},"end":{"line":61,"column":5}},"line":44},"4":{"name":"(anonymous_4)","decl":{"start":{"line":62,"column":26},"end":{"line":62,"column":27}},"loc":{"start":{"line":62,"column":38},"end":{"line":64,"column":5}},"line":62},"5":{"name":"(anonymous_5)","decl":{"start":{"line":65,"column":14},"end":{"line":65,"column":15}},"loc":{"start":{"line":65,"column":20},"end":{"line":67,"column":5}},"line":65},"6":{"name":"(anonymous_6)","decl":{"start":{"line":68,"column":14},"end":{"line":68,"column":15}},"loc":{"start":{"line":68,"column":20},"end":{"line":70,"column":5}},"line":68},"7":{"name":"(anonymous_7)","decl":{"start":{"line":72,"column":19},"end":{"line":72,"column":20}},"loc":{"start":{"line":72,"column":31},"end":{"line":76,"column":5}},"line":72},"8":{"name":"(anonymous_8)","decl":{"start":{"line":92,"column":81},"end":{"line":92,"column":82}},"loc":{"start":{"line":92,"column":87},"end":{"line":92,"column":95}},"line":92},"9":{"name":"(anonymous_9)","decl":{"start":{"line":103,"column":58},"end":{"line":103,"column":59}},"loc":{"start":{"line":103,"column":64},"end":{"line":103,"column":83}},"line":103},"10":{"name":"(anonymous_10)","decl":{"start":{"line":107,"column":83},"end":{"line":107,"column":84}},"loc":{"start":{"line":107,"column":101},"end":{"line":107,"column":127}},"line":107},"11":{"name":"(anonymous_11)","decl":{"start":{"line":110,"column":88},"end":{"line":110,"column":89}},"loc":{"start":{"line":110,"column":111},"end":{"line":110,"column":139}},"line":110}},"branchMap":{"0":{"loc":{"start":{"line":38,"column":8},"end":{"line":40,"column":9}},"type":"if","locations":[{"start":{"line":38,"column":8},"end":{"line":40,"column":9}},{"start":{"line":38,"column":8},"end":{"line":40,"column":9}}],"line":38},"1":{"loc":{"start":{"line":52,"column":8},"end":{"line":60,"column":9}},"type":"if","locations":[{"start":{"line":52,"column":8},"end":{"line":60,"column":9}},{"start":{"line":52,"column":8},"end":{"line":60,"column":9}}],"line":52},"2":{"loc":{"start":{"line":89,"column":33},"end":{"line":89,"column":104}},"type":"cond-expr","locations":[{"start":{"line":89,"column":45},"end":{"line":89,"column":97}},{"start":{"line":89,"column":100},"end":{"line":89,"column":104}}],"line":89},"3":{"loc":{"start":{"line":90,"column":33},"end":{"line":90,"column":104}},"type":"cond-expr","locations":[{"start":{"line":90,"column":45},"end":{"line":90,"column":49}},{"start":{"line":90,"column":52},"end":{"line":90,"column":104}}],"line":90},"4":{"loc":{"start":{"line":91,"column":33},"end":{"line":91,"column":100}},"type":"cond-expr","locations":[{"start":{"line":91,"column":45},"end":{"line":91,"column":49}},{"start":{"line":91,"column":52},"end":{"line":91,"column":100}}],"line":91},"5":{"loc":{"start":{"line":92,"column":33},"end":{"line":92,"column":121}},"type":"cond-expr","locations":[{"start":{"line":92,"column":45},"end":{"line":92,"column":114}},{"start":{"line":92,"column":117},"end":{"line":92,"column":121}}],"line":92},"6":{"loc":{"start":{"line":104,"column":33},"end":{"line":104,"column":79}},"type":"cond-expr","locations":[{"start":{"line":104,"column":43},"end":{"line":104,"column":71}},{"start":{"line":104,"column":75},"end":{"line":104,"column":79}}],"line":104},"7":{"loc":{"start":{"line":111,"column":33},"end":{"line":111,"column":79}},"type":"cond-expr","locations":[{"start":{"line":111,"column":43},"end":{"line":111,"column":71}},{"start":{"line":111,"column":75},"end":{"line":111,"column":79}}],"line":111},"8":{"loc":{"start":{"line":115,"column":33},"end":{"line":115,"column":85}},"type":"cond-expr","locations":[{"start":{"line":115,"column":49},"end":{"line":115,"column":77}},{"start":{"line":115,"column":81},"end":{"line":115,"column":85}}],"line":115}},"s":{"0":1,"1":2,"2":1,"3":1,"4":1,"5":1,"6":1,"7":1,"8":0,"9":0,"10":0,"11":1,"12":1,"13":0,"14":1,"15":0,"16":0,"17":0,"18":0,"19":0,"20":0,"21":0,"22":0,"23":0,"24":0,"25":1,"26":0,"27":1,"28":1,"29":1,"30":1,"31":1,"32":0,"33":0,"34":0,"35":1,"36":0,"37":0,"38":0,"39":0},"f":{"0":2,"1":0,"2":1,"3":0,"4":0,"5":1,"6":1,"7":0,"8":0,"9":0,"10":0,"11":0},"b":{"0":[0,1],"1":[0,0],"2":[0,1],"3":[0,1],"4":[0,1],"5":[0,1],"6":[0,1],"7":[0,1],"8":[0,1]},"_coverageSchema":"1a1c01bbd47fc00a2c39e90264f33305004495a9","hash":"2a71b6aa99e14cf630236ee1e2d50d9924a8ac1b"}
,"C:\\Users\\M1064317\\Desktop\\BMS ReducerWithServer\\bms-app\\src\\Components\\BookDetail.tsx": {"path":"C:\\Users\\M1064317\\Desktop\\BMS ReducerWithServer\\bms-app\\src\\Components\\BookDetail.tsx","statementMap":{"0":{"start":{"line":16,"column":19},"end":{"line":67,"column":1}},"1":{"start":{"line":17,"column":25},"end":{"line":17,"column":36}},"2":{"start":{"line":19,"column":24},"end":{"line":19,"column":39}},"3":{"start":{"line":20,"column":20},"end":{"line":20,"column":32}},"4":{"start":{"line":21,"column":37},"end":{"line":21,"column":60}},"5":{"start":{"line":22,"column":21},"end":{"line":61,"column":6}},"6":{"start":{"line":23,"column":8},"end":{"line":60,"column":9}},"7":{"start":{"line":24,"column":12},"end":{"line":24,"column":29}},"8":{"start":{"line":25,"column":12},"end":{"line":59,"column":13}},"9":{"start":{"line":45,"column":45},"end":{"line":45,"column":83}},"10":{"start":{"line":45,"column":84},"end":{"line":45,"column":101}},"11":{"start":{"line":62,"column":4},"end":{"line":66,"column":5}}},"fnMap":{"0":{"name":"(anonymous_0)","decl":{"start":{"line":16,"column":19},"end":{"line":16,"column":20}},"loc":{"start":{"line":16,"column":35},"end":{"line":67,"column":1}},"line":16},"1":{"name":"(anonymous_1)","decl":{"start":{"line":22,"column":42},"end":{"line":22,"column":43}},"loc":{"start":{"line":22,"column":59},"end":{"line":61,"column":5}},"line":22},"2":{"name":"(anonymous_2)","decl":{"start":{"line":45,"column":37},"end":{"line":45,"column":38}},"loc":{"start":{"line":45,"column":43},"end":{"line":45,"column":103}},"line":45}},"branchMap":{"0":{"loc":{"start":{"line":23,"column":8},"end":{"line":60,"column":9}},"type":"if","locations":[{"start":{"line":23,"column":8},"end":{"line":60,"column":9}},{"start":{"line":23,"column":8},"end":{"line":60,"column":9}}],"line":23},"1":{"loc":{"start":{"line":40,"column":25},"end":{"line":48,"column":22}},"type":"cond-expr","locations":[{"start":{"line":40,"column":57},"end":{"line":48,"column":15}},{"start":{"line":48,"column":18},"end":{"line":48,"column":22}}],"line":40}},"s":{"0":1,"1":0,"2":0,"3":0,"4":0,"5":0,"6":0,"7":0,"8":0,"9":0,"10":0,"11":0},"f":{"0":0,"1":0,"2":0},"b":{"0":[0,0],"1":[0,0]},"_coverageSchema":"1a1c01bbd47fc00a2c39e90264f33305004495a9","hash":"96aef2768b49fbe0f538e4151c2427b073fb0a12"}
,"C:\\Users\\M1064317\\Desktop\\BMS ReducerWithServer\\bms-app\\src\\Components\\BookList.tsx": {"path":"C:\\Users\\M1064317\\Desktop\\BMS ReducerWithServer\\bms-app\\src\\Components\\BookList.tsx","statementMap":{"0":{"start":{"line":14,"column":18},"end":{"line":14,"column":33}},"1":{"start":{"line":16,"column":34},"end":{"line":51,"column":1}},"2":{"start":{"line":17,"column":37},"end":{"line":17,"column":60}},"3":{"start":{"line":19,"column":4},"end":{"line":21,"column":10}},"4":{"start":{"line":20,"column":8},"end":{"line":20,"column":42}},"5":{"start":{"line":24,"column":15},"end":{"line":35,"column":6}},"6":{"start":{"line":25,"column":8},"end":{"line":25,"column":27}},"7":{"start":{"line":26,"column":8},"end":{"line":34,"column":9}},"8":{"start":{"line":36,"column":4},"end":{"line":50,"column":5}}},"fnMap":{"0":{"name":"(anonymous_0)","decl":{"start":{"line":16,"column":34},"end":{"line":16,"column":35}},"loc":{"start":{"line":16,"column":45},"end":{"line":51,"column":1}},"line":16},"1":{"name":"(anonymous_1)","decl":{"start":{"line":19,"column":14},"end":{"line":19,"column":15}},"loc":{"start":{"line":19,"column":20},"end":{"line":21,"column":5}},"line":19},"2":{"name":"(anonymous_2)","decl":{"start":{"line":24,"column":36},"end":{"line":24,"column":37}},"loc":{"start":{"line":24,"column":53},"end":{"line":35,"column":5}},"line":24}},"branchMap":{},"s":{"0":1,"1":1,"2":2,"3":1,"4":1,"5":1,"6":0,"7":0,"8":1},"f":{"0":2,"1":1,"2":0},"b":{},"_coverageSchema":"1a1c01bbd47fc00a2c39e90264f33305004495a9","hash":"14569012de4001327a9ec4889c5679f25fe80d33"}
,"C:\\Users\\M1064317\\Desktop\\BMS ReducerWithServer\\bms-app\\src\\Components\\Footer.tsx": {"path":"C:\\Users\\M1064317\\Desktop\\BMS ReducerWithServer\\bms-app\\src\\Components\\Footer.tsx","statementMap":{"0":{"start":{"line":14,"column":2},"end":{"line":81,"column":3}}},"fnMap":{"0":{"name":"(anonymous_0)","decl":{"start":{"line":13,"column":1},"end":{"line":13,"column":2}},"loc":{"start":{"line":13,"column":10},"end":{"line":82,"column":2}},"line":13}},"branchMap":{},"s":{"0":1},"f":{"0":1},"b":{},"_coverageSchema":"1a1c01bbd47fc00a2c39e90264f33305004495a9","hash":"1d064b095087f8219436e6d42703fb94b9a57684"}
,"C:\\Users\\M1064317\\Desktop\\BMS ReducerWithServer\\bms-app\\src\\Components\\LogIn.tsx": {"path":"C:\\Users\\M1064317\\Desktop\\BMS ReducerWithServer\\bms-app\\src\\Components\\LogIn.tsx","statementMap":{"0":{"start":{"line":26,"column":18},"end":{"line":44,"column":3}},"1":{"start":{"line":26,"column":41},"end":{"line":44,"column":1}},"2":{"start":{"line":45,"column":31},"end":{"line":130,"column":1}},"3":{"start":{"line":46,"column":25},"end":{"line":46,"column":48}},"4":{"start":{"line":47,"column":30},"end":{"line":47,"column":42}},"5":{"start":{"line":48,"column":36},"end":{"line":48,"column":48}},"6":{"start":{"line":49,"column":30},"end":{"line":49,"column":53}},"7":{"start":{"line":50,"column":20},"end":{"line":50,"column":31}},"8":{"start":{"line":52,"column":20},"end":{"line":52,"column":32}},"9":{"start":{"line":55,"column":8},"end":{"line":55,"column":33}},"10":{"start":{"line":58,"column":8},"end":{"line":58,"column":36}},"11":{"start":{"line":61,"column":4},"end":{"line":129,"column":5}},"12":{"start":{"line":104,"column":49},"end":{"line":104,"column":121}},"13":{"start":{"line":104,"column":122},"end":{"line":104,"column":150}},"14":{"start":{"line":104,"column":151},"end":{"line":104,"column":169}}},"fnMap":{"0":{"name":"(anonymous_0)","decl":{"start":{"line":26,"column":29},"end":{"line":26,"column":30}},"loc":{"start":{"line":26,"column":41},"end":{"line":44,"column":1}},"line":26},"1":{"name":"(anonymous_1)","decl":{"start":{"line":45,"column":31},"end":{"line":45,"column":32}},"loc":{"start":{"line":45,"column":47},"end":{"line":130,"column":1}},"line":45},"2":{"name":"inputEmail","decl":{"start":{"line":54,"column":13},"end":{"line":54,"column":23}},"loc":{"start":{"line":54,"column":32},"end":{"line":56,"column":5}},"line":54},"3":{"name":"inputPassword","decl":{"start":{"line":57,"column":13},"end":{"line":57,"column":26}},"loc":{"start":{"line":57,"column":35},"end":{"line":59,"column":5}},"line":57},"4":{"name":"(anonymous_4)","decl":{"start":{"line":104,"column":41},"end":{"line":104,"column":42}},"loc":{"start":{"line":104,"column":47},"end":{"line":104,"column":171}},"line":104}},"branchMap":{"0":{"loc":{"start":{"line":108,"column":29},"end":{"line":108,"column":83}},"type":"cond-expr","locations":[{"start":{"line":108,"column":37},"end":{"line":108,"column":41}},{"start":{"line":108,"column":44},"end":{"line":108,"column":83}}],"line":108}},"s":{"0":1,"1":0,"2":1,"3":0,"4":0,"5":0,"6":0,"7":0,"8":0,"9":0,"10":0,"11":0,"12":0,"13":0,"14":0},"f":{"0":0,"1":0,"2":0,"3":0,"4":0},"b":{"0":[0,0]},"_coverageSchema":"1a1c01bbd47fc00a2c39e90264f33305004495a9","hash":"b2b6866325ba91bce8ec7550c87500d00d5239cc"}
,"C:\\Users\\M1064317\\Desktop\\BMS ReducerWithServer\\bms-app\\src\\Components\\OneBook.tsx": {"path":"C:\\Users\\M1064317\\Desktop\\BMS ReducerWithServer\\bms-app\\src\\Components\\OneBook.tsx","statementMap":{"0":{"start":{"line":12,"column":32},"end":{"line":57,"column":1}},"1":{"start":{"line":15,"column":4},"end":{"line":56,"column":5}}},"fnMap":{"0":{"name":"(anonymous_0)","decl":{"start":{"line":12,"column":32},"end":{"line":12,"column":33}},"loc":{"start":{"line":12,"column":49},"end":{"line":57,"column":1}},"line":12}},"branchMap":{},"s":{"0":1,"1":0},"f":{"0":0},"b":{},"_coverageSchema":"1a1c01bbd47fc00a2c39e90264f33305004495a9","hash":"7b8251ae409c8c311bc05dd3c9f5d605ea2e9c84"}
,"C:\\Users\\M1064317\\Desktop\\BMS ReducerWithServer\\bms-app\\src\\Components\\Register.tsx": {"path":"C:\\Users\\M1064317\\Desktop\\BMS ReducerWithServer\\bms-app\\src\\Components\\Register.tsx","statementMap":{"0":{"start":{"line":23,"column":18},"end":{"line":41,"column":3}},"1":{"start":{"line":23,"column":41},"end":{"line":41,"column":1}},"2":{"start":{"line":43,"column":34},"end":{"line":142,"column":1}},"3":{"start":{"line":44,"column":26},"end":{"line":44,"column":38}},"4":{"start":{"line":45,"column":28},"end":{"line":45,"column":40}},"5":{"start":{"line":46,"column":34},"end":{"line":46,"column":46}},"6":{"start":{"line":47,"column":18},"end":{"line":47,"column":29}},"7":{"start":{"line":50,"column":4},"end":{"line":50,"column":28}},"8":{"start":{"line":53,"column":4},"end":{"line":53,"column":29}},"9":{"start":{"line":56,"column":4},"end":{"line":56,"column":32}},"10":{"start":{"line":59,"column":2},"end":{"line":141,"column":3}},"11":{"start":{"line":118,"column":31},"end":{"line":118,"column":102}}},"fnMap":{"0":{"name":"(anonymous_0)","decl":{"start":{"line":23,"column":29},"end":{"line":23,"column":30}},"loc":{"start":{"line":23,"column":41},"end":{"line":41,"column":1}},"line":23},"1":{"name":"(anonymous_1)","decl":{"start":{"line":43,"column":34},"end":{"line":43,"column":35}},"loc":{"start":{"line":43,"column":50},"end":{"line":142,"column":1}},"line":43},"2":{"name":"inputName","decl":{"start":{"line":49,"column":11},"end":{"line":49,"column":20}},"loc":{"start":{"line":49,"column":29},"end":{"line":51,"column":3}},"line":49},"3":{"name":"inputEmail","decl":{"start":{"line":52,"column":11},"end":{"line":52,"column":21}},"loc":{"start":{"line":52,"column":30},"end":{"line":54,"column":3}},"line":52},"4":{"name":"inputPassword","decl":{"start":{"line":55,"column":11},"end":{"line":55,"column":24}},"loc":{"start":{"line":55,"column":33},"end":{"line":57,"column":3}},"line":55},"5":{"name":"(anonymous_5)","decl":{"start":{"line":118,"column":25},"end":{"line":118,"column":26}},"loc":{"start":{"line":118,"column":31},"end":{"line":118,"column":102}},"line":118}},"branchMap":{"0":{"loc":{"start":{"line":123,"column":15},"end":{"line":123,"column":83}},"type":"cond-expr","locations":[{"start":{"line":123,"column":42},"end":{"line":123,"column":76}},{"start":{"line":123,"column":79},"end":{"line":123,"column":83}}],"line":123}},"s":{"0":1,"1":0,"2":1,"3":0,"4":0,"5":0,"6":0,"7":0,"8":0,"9":0,"10":0,"11":0},"f":{"0":0,"1":0,"2":0,"3":0,"4":0,"5":0},"b":{"0":[0,0]},"_coverageSchema":"1a1c01bbd47fc00a2c39e90264f33305004495a9","hash":"add4294d8965e624c92346cfebb9aa0e26433410"}
,"C:\\Users\\M1064317\\Desktop\\BMS ReducerWithServer\\bms-app\\src\\Components\\Scroll.tsx": {"path":"C:\\Users\\M1064317\\Desktop\\BMS ReducerWithServer\\bms-app\\src\\Components\\Scroll.tsx","statementMap":{"0":{"start":{"line":6,"column":15},"end":{"line":27,"column":1}},"1":{"start":{"line":8,"column":40},"end":{"line":8,"column":55}},"2":{"start":{"line":10,"column":27},"end":{"line":16,"column":5}},"3":{"start":{"line":11,"column":8},"end":{"line":15,"column":9}},"4":{"start":{"line":12,"column":12},"end":{"line":12,"column":31}},"5":{"start":{"line":13,"column":15},"end":{"line":15,"column":9}},"6":{"start":{"line":14,"column":12},"end":{"line":14,"column":32}},"7":{"start":{"line":18,"column":22},"end":{"line":20,"column":5}},"8":{"start":{"line":19,"column":8},"end":{"line":19,"column":56}},"9":{"start":{"line":22,"column":4},"end":{"line":22,"column":53}},"10":{"start":{"line":24,"column":4},"end":{"line":26,"column":6}}},"fnMap":{"0":{"name":"(anonymous_0)","decl":{"start":{"line":6,"column":15},"end":{"line":6,"column":16}},"loc":{"start":{"line":6,"column":21},"end":{"line":27,"column":1}},"line":6},"1":{"name":"(anonymous_1)","decl":{"start":{"line":10,"column":27},"end":{"line":10,"column":28}},"loc":{"start":{"line":10,"column":33},"end":{"line":16,"column":5}},"line":10},"2":{"name":"(anonymous_2)","decl":{"start":{"line":18,"column":22},"end":{"line":18,"column":23}},"loc":{"start":{"line":18,"column":28},"end":{"line":20,"column":5}},"line":18}},"branchMap":{"0":{"loc":{"start":{"line":11,"column":8},"end":{"line":15,"column":9}},"type":"if","locations":[{"start":{"line":11,"column":8},"end":{"line":15,"column":9}},{"start":{"line":11,"column":8},"end":{"line":15,"column":9}}],"line":11},"1":{"loc":{"start":{"line":11,"column":12},"end":{"line":11,"column":51}},"type":"binary-expr","locations":[{"start":{"line":11,"column":12},"end":{"line":11,"column":23}},{"start":{"line":11,"column":27},"end":{"line":11,"column":51}}],"line":11},"2":{"loc":{"start":{"line":13,"column":15},"end":{"line":15,"column":9}},"type":"if","locations":[{"start":{"line":13,"column":15},"end":{"line":15,"column":9}},{"start":{"line":13,"column":15},"end":{"line":15,"column":9}}],"line":13},"3":{"loc":{"start":{"line":13,"column":19},"end":{"line":13,"column":58}},"type":"binary-expr","locations":[{"start":{"line":13,"column":19},"end":{"line":13,"column":29}},{"start":{"line":13,"column":33},"end":{"line":13,"column":58}}],"line":13},"4":{"loc":{"start":{"line":25,"column":97},"end":{"line":25,"column":125}},"type":"cond-expr","locations":[{"start":{"line":25,"column":110},"end":{"line":25,"column":116}},{"start":{"line":25,"column":119},"end":{"line":25,"column":125}}],"line":25}},"s":{"0":1,"1":1,"2":1,"3":0,"4":0,"5":0,"6":0,"7":1,"8":0,"9":1,"10":1},"f":{"0":1,"1":0,"2":0},"b":{"0":[0,0],"1":[0,0],"2":[0,0],"3":[0,0],"4":[0,1]},"_coverageSchema":"1a1c01bbd47fc00a2c39e90264f33305004495a9","hash":"6846736aa0c513a96a1a45b2856ee79af1c2c412"}
,"C:\\Users\\M1064317\\Desktop\\BMS ReducerWithServer\\bms-app\\src\\Components\\Search.tsx": {"path":"C:\\Users\\M1064317\\Desktop\\BMS ReducerWithServer\\bms-app\\src\\Components\\Search.tsx","statementMap":{"0":{"start":{"line":10,"column":35},"end":{"line":70,"column":1}},"1":{"start":{"line":11,"column":42},"end":{"line":11,"column":62}},"2":{"start":{"line":13,"column":25},"end":{"line":13,"column":48}},"3":{"start":{"line":15,"column":36},"end":{"line":15,"column":48}},"4":{"start":{"line":17,"column":25},"end":{"line":23,"column":6}},"5":{"start":{"line":18,"column":8},"end":{"line":22,"column":9}},"6":{"start":{"line":26,"column":25},"end":{"line":28,"column":5}},"7":{"start":{"line":27,"column":8},"end":{"line":27,"column":39}},"8":{"start":{"line":29,"column":25},"end":{"line":31,"column":5}},"9":{"start":{"line":30,"column":8},"end":{"line":30,"column":36}},"10":{"start":{"line":32,"column":21},"end":{"line":46,"column":5}},"11":{"start":{"line":35,"column":8},"end":{"line":45,"column":9}},"12":{"start":{"line":38,"column":12},"end":{"line":44,"column":14}},"13":{"start":{"line":39,"column":16},"end":{"line":43,"column":17}},"14":{"start":{"line":40,"column":20},"end":{"line":40,"column":38}},"15":{"start":{"line":42,"column":20},"end":{"line":42,"column":79}},"16":{"start":{"line":47,"column":4},"end":{"line":69,"column":5}},"17":{"start":{"line":62,"column":88},"end":{"line":62,"column":119}}},"fnMap":{"0":{"name":"(anonymous_0)","decl":{"start":{"line":10,"column":35},"end":{"line":10,"column":36}},"loc":{"start":{"line":10,"column":46},"end":{"line":70,"column":1}},"line":10},"1":{"name":"(anonymous_1)","decl":{"start":{"line":17,"column":60},"end":{"line":17,"column":61}},"loc":{"start":{"line":17,"column":75},"end":{"line":23,"column":5}},"line":17},"2":{"name":"(anonymous_2)","decl":{"start":{"line":26,"column":25},"end":{"line":26,"column":26}},"loc":{"start":{"line":26,"column":37},"end":{"line":28,"column":5}},"line":26},"3":{"name":"(anonymous_3)","decl":{"start":{"line":29,"column":25},"end":{"line":29,"column":26}},"loc":{"start":{"line":29,"column":37},"end":{"line":31,"column":5}},"line":29},"4":{"name":"(anonymous_4)","decl":{"start":{"line":32,"column":21},"end":{"line":32,"column":22}},"loc":{"start":{"line":32,"column":58},"end":{"line":46,"column":5}},"line":32},"5":{"name":"(anonymous_5)","decl":{"start":{"line":38,"column":46},"end":{"line":38,"column":47}},"loc":{"start":{"line":38,"column":61},"end":{"line":44,"column":13}},"line":38},"6":{"name":"(anonymous_6)","decl":{"start":{"line":62,"column":80},"end":{"line":62,"column":81}},"loc":{"start":{"line":62,"column":86},"end":{"line":62,"column":121}},"line":62}},"branchMap":{"0":{"loc":{"start":{"line":35,"column":8},"end":{"line":45,"column":9}},"type":"if","locations":[{"start":{"line":35,"column":8},"end":{"line":45,"column":9}},{"start":{"line":35,"column":8},"end":{"line":45,"column":9}}],"line":35},"1":{"loc":{"start":{"line":39,"column":16},"end":{"line":43,"column":17}},"type":"if","locations":[{"start":{"line":39,"column":16},"end":{"line":43,"column":17}},{"start":{"line":39,"column":16},"end":{"line":43,"column":17}}],"line":39}},"s":{"0":1,"1":2,"2":1,"3":1,"4":1,"5":0,"6":1,"7":0,"8":1,"9":0,"10":1,"11":0,"12":0,"13":0,"14":0,"15":0,"16":1,"17":0},"f":{"0":2,"1":0,"2":0,"3":0,"4":0,"5":0,"6":0},"b":{"0":[0,0],"1":[0,0]},"_coverageSchema":"1a1c01bbd47fc00a2c39e90264f33305004495a9","hash":"8180787c018dd83e1cd16f32d9b7f4b80eb1ed35"}
,"C:\\Users\\M1064317\\Desktop\\BMS ReducerWithServer\\bms-app\\src\\Components\\ShowDetails.tsx": {"path":"C:\\Users\\M1064317\\Desktop\\BMS ReducerWithServer\\bms-app\\src\\Components\\ShowDetails.tsx","statementMap":{"0":{"start":{"line":11,"column":12},"end":{"line":11,"column":14}},"1":{"start":{"line":14,"column":8},"end":{"line":18,"column":9}}},"fnMap":{"0":{"name":"(anonymous_0)","decl":{"start":{"line":13,"column":4},"end":{"line":13,"column":5}},"loc":{"start":{"line":13,"column":13},"end":{"line":19,"column":5}},"line":13}},"branchMap":{},"s":{"0":0,"1":0},"f":{"0":0},"b":{}}
,"C:\\Users\\M1064317\\Desktop\\BMS ReducerWithServer\\bms-app\\src\\Components\\Slider.tsx": {"path":"C:\\Users\\M1064317\\Desktop\\BMS ReducerWithServer\\bms-app\\src\\Components\\Slider.tsx","statementMap":{"0":{"start":{"line":6,"column":4},"end":{"line":44,"column":5}}},"fnMap":{"0":{"name":"Slider","decl":{"start":{"line":5,"column":9},"end":{"line":5,"column":15}},"loc":{"start":{"line":5,"column":18},"end":{"line":45,"column":1}},"line":5}},"branchMap":{},"s":{"0":1},"f":{"0":1},"b":{},"_coverageSchema":"1a1c01bbd47fc00a2c39e90264f33305004495a9","hash":"30e6ad7ffd0ff3a61f982775a3529e707d61b50d"}
,"C:\\Users\\M1064317\\Desktop\\BMS ReducerWithServer\\bms-app\\src\\Components\\StarRating.tsx": {"path":"C:\\Users\\M1064317\\Desktop\\BMS ReducerWithServer\\bms-app\\src\\Components\\StarRating.tsx","statementMap":{"0":{"start":{"line":7,"column":36},"end":{"line":29,"column":1}},"1":{"start":{"line":8,"column":26},"end":{"line":8,"column":37}},"2":{"start":{"line":9,"column":4},"end":{"line":11,"column":10}},"3":{"start":{"line":10,"column":8},"end":{"line":10,"column":80}},"4":{"start":{"line":10,"column":22},"end":{"line":10,"column":79}},"5":{"start":{"line":13,"column":21},"end":{"line":17,"column":5}},"6":{"start":{"line":14,"column":8},"end":{"line":16,"column":9}},"7":{"start":{"line":18,"column":4},"end":{"line":28,"column":5}},"8":{"start":{"line":22,"column":20},"end":{"line":24,"column":21}},"9":{"start":{"line":23,"column":24},"end":{"line":23,"column":118}}},"fnMap":{"0":{"name":"(anonymous_0)","decl":{"start":{"line":7,"column":36},"end":{"line":7,"column":37}},"loc":{"start":{"line":7,"column":47},"end":{"line":29,"column":1}},"line":7},"1":{"name":"(anonymous_1)","decl":{"start":{"line":9,"column":14},"end":{"line":9,"column":15}},"loc":{"start":{"line":9,"column":20},"end":{"line":11,"column":5}},"line":9},"2":{"name":"(anonymous_2)","decl":{"start":{"line":10,"column":15},"end":{"line":10,"column":16}},"loc":{"start":{"line":10,"column":22},"end":{"line":10,"column":79}},"line":10},"3":{"name":"(anonymous_3)","decl":{"start":{"line":13,"column":21},"end":{"line":13,"column":22}},"loc":{"start":{"line":13,"column":27},"end":{"line":17,"column":5}},"line":13},"4":{"name":"(anonymous_4)","decl":{"start":{"line":21,"column":35},"end":{"line":21,"column":36}},"loc":{"start":{"line":21,"column":52},"end":{"line":25,"column":17}},"line":21}},"branchMap":{"0":{"loc":{"start":{"line":22,"column":20},"end":{"line":24,"column":21}},"type":"if","locations":[{"start":{"line":22,"column":20},"end":{"line":24,"column":21}},{"start":{"line":22,"column":20},"end":{"line":24,"column":21}}],"line":22},"1":{"loc":{"start":{"line":26,"column":17},"end":{"line":26,"column":47}},"type":"cond-expr","locations":[{"start":{"line":26,"column":30},"end":{"line":26,"column":40}},{"start":{"line":26,"column":43},"end":{"line":26,"column":47}}],"line":26}},"s":{"0":1,"1":0,"2":0,"3":0,"4":0,"5":0,"6":0,"7":0,"8":0,"9":0},"f":{"0":0,"1":0,"2":0,"3":0,"4":0},"b":{"0":[0,0],"1":[0,0]},"_coverageSchema":"1a1c01bbd47fc00a2c39e90264f33305004495a9","hash":"69ae2c638dde27ac895c7f0e36297341b52a9d3d"}
,"C:\\Users\\M1064317\\Desktop\\BMS ReducerWithServer\\bms-app\\src\\Components\\Toggle.tsx": {"path":"C:\\Users\\M1064317\\Desktop\\BMS ReducerWithServer\\bms-app\\src\\Components\\Toggle.tsx","statementMap":{"0":{"start":{"line":4,"column":15},"end":{"line":13,"column":1}},"1":{"start":{"line":5,"column":40},"end":{"line":5,"column":61}},"2":{"start":{"line":5,"column":55},"end":{"line":5,"column":60}},"3":{"start":{"line":6,"column":4},"end":{"line":12,"column":6}}},"fnMap":{"0":{"name":"(anonymous_0)","decl":{"start":{"line":4,"column":15},"end":{"line":4,"column":16}},"loc":{"start":{"line":4,"column":21},"end":{"line":13,"column":1}},"line":4},"1":{"name":"(anonymous_1)","decl":{"start":{"line":5,"column":49},"end":{"line":5,"column":50}},"loc":{"start":{"line":5,"column":55},"end":{"line":5,"column":60}},"line":5}},"branchMap":{},"s":{"0":0,"1":0,"2":0,"3":0},"f":{"0":0,"1":0},"b":{}}
,"C:\\Users\\M1064317\\Desktop\\BMS ReducerWithServer\\bms-app\\src\\Components\\book.ts": {"path":"C:\\Users\\M1064317\\Desktop\\BMS ReducerWithServer\\bms-app\\src\\Components\\book.ts","statementMap":{"0":{"start":{"line":19,"column":4},"end":{"line":19,"column":23}},"1":{"start":{"line":20,"column":4},"end":{"line":20,"column":23}},"2":{"start":{"line":21,"column":4},"end":{"line":21,"column":25}},"3":{"start":{"line":22,"column":4},"end":{"line":22,"column":23}},"4":{"start":{"line":23,"column":4},"end":{"line":23,"column":25}},"5":{"start":{"line":24,"column":4},"end":{"line":24,"column":35}},"6":{"start":{"line":25,"column":4},"end":{"line":25,"column":19}}},"fnMap":{"0":{"name":"(anonymous_0)","decl":{"start":{"line":10,"column":2},"end":{"line":10,"column":3}},"loc":{"start":{"line":18,"column":4},"end":{"line":26,"column":3}},"line":18}},"branchMap":{},"s":{"0":0,"1":0,"2":0,"3":0,"4":0,"5":0,"6":0},"f":{"0":0},"b":{}}
,"C:\\Users\\M1064317\\Desktop\\BMS ReducerWithServer\\bms-app\\src\\Components\\user.ts": {"path":"C:\\Users\\M1064317\\Desktop\\BMS ReducerWithServer\\bms-app\\src\\Components\\user.ts","statementMap":{"0":{"start":{"line":6,"column":4},"end":{"line":6,"column":21}},"1":{"start":{"line":7,"column":4},"end":{"line":7,"column":23}},"2":{"start":{"line":8,"column":4},"end":{"line":8,"column":29}}},"fnMap":{"0":{"name":"(anonymous_0)","decl":{"start":{"line":5,"column":2},"end":{"line":5,"column":3}},"loc":{"start":{"line":5,"column":61},"end":{"line":9,"column":3}},"line":5}},"branchMap":{},"s":{"0":0,"1":0,"2":0},"f":{"0":0},"b":{}}
,"C:\\Users\\M1064317\\Desktop\\BMS ReducerWithServer\\bms-app\\src\\context\\BookContext.tsx": {"path":"C:\\Users\\M1064317\\Desktop\\BMS ReducerWithServer\\bms-app\\src\\context\\BookContext.tsx","statementMap":{"0":{"start":{"line":20,"column":21},"end":{"line":37,"column":1}},"1":{"start":{"line":42,"column":20},"end":{"line":42,"column":71}},"2":{"start":{"line":45,"column":28},"end":{"line":56,"column":1}},"3":{"start":{"line":46,"column":33},"end":{"line":48,"column":4}},"4":{"start":{"line":47,"column":4},"end":{"line":47,"column":24}},"5":{"start":{"line":49,"column":2},"end":{"line":49,"column":26}},"6":{"start":{"line":51,"column":2},"end":{"line":55,"column":4}},"7":{"start":{"line":60,"column":21},"end":{"line":60,"column":41}}},"fnMap":{"0":{"name":"(anonymous_0)","decl":{"start":{"line":45,"column":28},"end":{"line":45,"column":29}},"loc":{"start":{"line":45,"column":44},"end":{"line":56,"column":1}},"line":45},"1":{"name":"(anonymous_1)","decl":{"start":{"line":46,"column":71},"end":{"line":46,"column":72}},"loc":{"start":{"line":46,"column":77},"end":{"line":48,"column":3}},"line":46}},"branchMap":{},"s":{"0":1,"1":1,"2":1,"3":2,"4":1,"5":1,"6":1,"7":1},"f":{"0":2,"1":1},"b":{},"_coverageSchema":"1a1c01bbd47fc00a2c39e90264f33305004495a9","hash":"4ffe052dc48ade506402730cae630dad3e16176a"}
,"C:\\Users\\M1064317\\Desktop\\BMS ReducerWithServer\\bms-app\\src\\reducer\\BookReducer.tsx": {"path":"C:\\Users\\M1064317\\Desktop\\BMS ReducerWithServer\\bms-app\\src\\reducer\\BookReducer.tsx","statementMap":{"0":{"start":{"line":20,"column":20},"end":{"line":56,"column":1}},"1":{"start":{"line":21,"column":4},"end":{"line":55,"column":5}},"2":{"start":{"line":26,"column":12},"end":{"line":26,"column":70}},"3":{"start":{"line":29,"column":12},"end":{"line":31,"column":14}},"4":{"start":{"line":30,"column":67},"end":{"line":30,"column":89}},"5":{"start":{"line":33,"column":12},"end":{"line":33,"column":28}},"6":{"start":{"line":34,"column":12},"end":{"line":37,"column":13}},"7":{"start":{"line":39,"column":12},"end":{"line":42,"column":14}},"8":{"start":{"line":44,"column":12},"end":{"line":47,"column":14}},"9":{"start":{"line":49,"column":12},"end":{"line":52,"column":13}},"10":{"start":{"line":54,"column":12},"end":{"line":54,"column":25}}},"fnMap":{"0":{"name":"(anonymous_0)","decl":{"start":{"line":20,"column":20},"end":{"line":20,"column":21}},"loc":{"start":{"line":20,"column":59},"end":{"line":56,"column":1}},"line":20},"1":{"name":"(anonymous_1)","decl":{"start":{"line":30,"column":52},"end":{"line":30,"column":53}},"loc":{"start":{"line":30,"column":67},"end":{"line":30,"column":89}},"line":30}},"branchMap":{"0":{"loc":{"start":{"line":21,"column":4},"end":{"line":55,"column":5}},"type":"switch","locations":[{"start":{"line":22,"column":8},"end":{"line":26,"column":70}},{"start":{"line":27,"column":8},"end":{"line":31,"column":14}},{"start":{"line":32,"column":8},"end":{"line":37,"column":13}},{"start":{"line":38,"column":8},"end":{"line":42,"column":14}},{"start":{"line":43,"column":8},"end":{"line":47,"column":14}},{"start":{"line":48,"column":8},"end":{"line":52,"column":13}},{"start":{"line":53,"column":8},"end":{"line":54,"column":25}}],"line":21}},"s":{"0":1,"1":0,"2":0,"3":0,"4":0,"5":0,"6":0,"7":0,"8":0,"9":0,"10":0},"f":{"0":0,"1":0},"b":{"0":[0,0,0,0,0,0,0]},"_coverageSchema":"1a1c01bbd47fc00a2c39e90264f33305004495a9","hash":"0b28ff6402192aee48beeeddde6d88340e15d5a7"}
}
